<?xml version="1.0" encoding="UTF-8"?>
<!-- Generated by org.testng.reporters.JUnitReportReporter -->
<testsuite hostname="Harsh" failures="0" tests="2" name="qaclickacademy.AppiumTest" time="0.009" errors="0" timestamp="2021-10-07T14:22:56 IST" skipped="0">
  <testcase classname="qaclickacademy.AppiumTest" name="IOSapp" time="0.008"/>
  <system-out/>
  <testcase classname="qaclickacademy.AppiumTest" name="Nativeappandroid" time="0.001"/>
  <system-out/>
</testsuite> <!-- qaclickacademy.AppiumTest -->
