<?xml version="1.0" encoding="UTF-8"?>
<!-- Generated by org.testng.reporters.JUnitReportReporter -->
<testsuite hostname="Harsh" failures="0" tests="2" name="qaclickacademy.SeleniumTest" time="0.011" errors="0" timestamp="2021-10-07T14:23:18 IST" skipped="0">
  <testcase classname="qaclickacademy.SeleniumTest" name="Browserautomation" time="0.009"/>
  <system-out/>
  <testcase classname="qaclickacademy.SeleniumTest" name="elements" time="0.002"/>
  <system-out/>
</testsuite> <!-- qaclickacademy.SeleniumTest -->
